Using pre-set license
Built from '2020.2/staging' branch; Version is '2020.2.5f1 (e2c53f129de5) revision 14861631'; Using compiler version '192528614'; Build Type 'Release'
OS: 'Windows 10 Pro; OS build 19042.804; Version 2009; 64bit' Language: 'en' Physical Memory: 32592 MB
BatchMode: 1, IsHumanControllingUs: 0, StartBugReporterOnCrash: 0, Is64bit: 1, IsPro: 0

 COMMAND LINE ARGUMENTS:
C:\Program Files\Unity\Hub\Editor\2020.2.5f1\Editor\Unity.exe
-adb2
-batchMode
-noUpm
-name
AssetImportWorker0
-projectPath
F:/Unity Projects/Blitz_Champz/Blitz Champz
-logFile
Logs/AssetImportWorker0.log
-srvPort
56489
Successfully changed project path to: F:/Unity Projects/Blitz_Champz/Blitz Champz
F:/Unity Projects/Blitz_Champz/Blitz Champz
Using Asset Import Pipeline V2.
Refreshing native plugins compatible for Editor in 24.37 ms, found 0 plugins.
Preloading 0 native plugins for Editor in 0.00 ms.
Initialize engine version: 2020.2.5f1 (e2c53f129de5)
[Subsystems] Discovering subsystems at path C:/Program Files/Unity/Hub/Editor/2020.2.5f1/Editor/Data/Resources/UnitySubsystems
[Subsystems] Discovering subsystems at path F:/Unity Projects/Blitz_Champz/Blitz Champz/Assets
GfxDevice: creating device client; threaded=0
Direct3D:
    Version:  Direct3D 11.0 [level 11.1]
    Renderer: NVIDIA GeForce RTX 2070 SUPER (ID=0x1e84)
    Vendor:   
    VRAM:     8011 MB
    Driver:   27.21.14.6089
Initialize mono
Mono path[0] = 'C:/Program Files/Unity/Hub/Editor/2020.2.5f1/Editor/Data/Managed'
Mono path[1] = 'C:/Program Files/Unity/Hub/Editor/2020.2.5f1/Editor/Data/MonoBleedingEdge/lib/mono/unityjit'
Mono config path = 'C:/Program Files/Unity/Hub/Editor/2020.2.5f1/Editor/Data/MonoBleedingEdge/etc'
Using monoOptions --debugger-agent=transport=dt_socket,embedding=1,server=y,suspend=n,address=127.0.0.1:56272
Begin MonoManager ReloadAssembly
Registering precompiled unity dll's ...
Register platform support module: C:/Program Files/Unity/Hub/Editor/2020.2.5f1/Editor/Data/PlaybackEngines/WindowsStandaloneSupport/UnityEditor.WindowsStandalone.Extensions.dll
Registered in 0.002001 seconds.
Native extension for WindowsStandalone target not found
Refreshing native plugins compatible for Editor in 23.79 ms, found 0 plugins.
Preloading 0 native plugins for Editor in 0.00 ms.
Invoked RoslynAnalysisRunner static constructor.
RoslynAnalysisRunner will not be running.
RoslynAnalysisRunner has terminated.
Mono: successfully reloaded assembly
- Completed reload, in  2.135 seconds
Platform modules already initialized, skipping
Registering precompiled user dll's ...
Registered in 0.000561 seconds.
Begin MonoManager ReloadAssembly
Native extension for WindowsStandalone target not found
Refreshing native plugins compatible for Editor in 0.28 ms, found 0 plugins.
Preloading 0 native plugins for Editor in 0.00 ms.
Invoked RoslynAnalysisRunner static constructor.
RoslynAnalysisRunner will not be running.
RoslynAnalysisRunner has terminated.
Mono: successfully reloaded assembly
- Completed reload, in  0.921 seconds
Platform modules already initialized, skipping
========================================================================
Worker process is ready to serve import requests
Launched and connected shader compiler UnityShaderCompiler.exe after 0.07 seconds
Refreshing native plugins compatible for Editor in 0.26 ms, found 0 plugins.
Preloading 0 native plugins for Editor in 0.00 ms.
Unloading 1091 Unused Serialized files (Serialized files now loaded: 0)
System memory in use before: 57.9 MB.
System memory in use after: 57.9 MB.

Unloading 9 unused Assets to reduce memory usage. Loaded Objects now: 1535.
Total: 2.660100 ms (FindLiveObjects: 0.141100 ms CreateObjectMapping: 0.040600 ms MarkObjects: 2.398500 ms  DeleteObjects: 0.079000 ms)

========================================================================
Received Import Request.
  path: Assets/Scenes/Materials/YouTube Texture.mat
  artifactKey: Guid(04ce967ec3a3e1e47b10bdea2f61fba0) Importer(815301076,1909f56bfc062723c751e8b465ee728b)
Start importing Assets/Scenes/Materials/YouTube Texture.mat using Guid(04ce967ec3a3e1e47b10bdea2f61fba0) Importer(815301076,1909f56bfc062723c751e8b465ee728b)  -> (artifact id: '07b023ef6f1066666772e496d5884a57') in 0.131965 seconds
  Import took 0.134731 seconds .

========================================================================
Received Import Request.
  Time since last request: 68.156713 seconds.
  path: Assets
  artifactKey: Guid(00000000000000001000000000000000) Importer(815301076,1909f56bfc062723c751e8b465ee728b)
Start importing Assets using Guid(00000000000000001000000000000000) Importer(815301076,1909f56bfc062723c751e8b465ee728b)  -> (artifact id: '29f2a2471e7245fbc0aa931fa5cf45b7') in 0.009607 seconds
  Import took 0.012026 seconds .

========================================================================
Received Import Request.
  Time since last request: 0.000731 seconds.
  path: Assets
  artifactKey: Guid(00000000000000001000000000000000) Importer(815301076,1909f56bfc062723c751e8b465ee728b)
Start importing Assets using Guid(00000000000000001000000000000000) Importer(815301076,1909f56bfc062723c751e8b465ee728b)  -> (artifact id: '29f2a2471e7245fbc0aa931fa5cf45b7') in 0.001945 seconds
  Import took 0.003980 seconds .

========================================================================
Received Import Request.
  Time since last request: 21.769148 seconds.
  path: Assets/New Custom Render Texture.asset
  artifactKey: Guid(ea00928bce1d4104dbb2996368de8dd0) Importer(815301076,1909f56bfc062723c751e8b465ee728b)
Start importing Assets/New Custom Render Texture.asset using Guid(ea00928bce1d4104dbb2996368de8dd0) Importer(815301076,1909f56bfc062723c751e8b465ee728b)  -> (artifact id: '793ec598e037caf06254099a0c492937') in 0.031575 seconds
  Import took 0.033893 seconds .

========================================================================
Received Import Request.
  Time since last request: 136.116485 seconds.
  path: Assets/New Render Texture.renderTexture
  artifactKey: Guid(22905cd55221d8c46a2747a67617be56) Importer(815301076,1909f56bfc062723c751e8b465ee728b)
Start importing Assets/New Render Texture.renderTexture using Guid(22905cd55221d8c46a2747a67617be56) Importer(815301076,1909f56bfc062723c751e8b465ee728b)  -> (artifact id: 'de38a38c17ff8876a8823c22c62e2bc6') in 0.021331 seconds
  Import took 0.023432 seconds .

========================================================================
Received Import Request.
  Time since last request: 0.008763 seconds.
  path: Assets/New Render Texture.renderTexture
  artifactKey: Guid(22905cd55221d8c46a2747a67617be56) Importer(815301076,1909f56bfc062723c751e8b465ee728b)
Start importing Assets/New Render Texture.renderTexture using Guid(22905cd55221d8c46a2747a67617be56) Importer(815301076,1909f56bfc062723c751e8b465ee728b)  -> (artifact id: 'de38a38c17ff8876a8823c22c62e2bc6') in 0.006170 seconds
  Import took 0.008700 seconds .

========================================================================
Received Prepare
Registering precompiled user dll's ...
Registered in 0.000927 seconds.
Begin MonoManager ReloadAssembly
Native extension for WindowsStandalone target not found
Refreshing native plugins compatible for Editor in 0.29 ms, found 0 plugins.
Preloading 0 native plugins for Editor in 0.00 ms.
Invoked RoslynAnalysisRunner static constructor.
RoslynAnalysisRunner will not be running.
RoslynAnalysisRunner has terminated.
Mono: successfully reloaded assembly
- Completed reload, in  0.915 seconds
Platform modules already initialized, skipping
Switching build target platform(5) subTarget(0) extendedPlatform(0) -> platform(13) subTarget(537395200) extendedPlatform(0)
Refreshing native plugins compatible for Editor in 0.24 ms, found 0 plugins.
Preloading 0 native plugins for Editor in 0.00 ms.
Unloading 1076 Unused Serialized files (Serialized files now loaded: 0)
System memory in use before: 60.1 MB.
System memory in use after: 60.2 MB.

Unloading 4 unused Assets to reduce memory usage. Loaded Objects now: 1580.
Total: 1.646500 ms (FindLiveObjects: 0.141400 ms CreateObjectMapping: 0.037900 ms MarkObjects: 1.452400 ms  DeleteObjects: 0.013500 ms)

AssetImportParameters requested are different than current active one (requested -> active):
  custom:graphics/normal-map-encoding: 01000000000000000000000000000000 -> 02000000000000000000000000000000
========================================================================
Received Import Request.
  Time since last request: 365.295620 seconds.
  path: Assets/VideoRenderTexture.renderTexture
  artifactKey: Guid(22905cd55221d8c46a2747a67617be56) Importer(815301076,1909f56bfc062723c751e8b465ee728b)
Start importing Assets/VideoRenderTexture.renderTexture using Guid(22905cd55221d8c46a2747a67617be56) Importer(815301076,1909f56bfc062723c751e8b465ee728b)  -> (artifact id: '282bdbca29323efbc895177e71dc5cce') in 0.051584 seconds
  Import took 0.054325 seconds .

========================================================================
Received Prepare
Registering precompiled user dll's ...
Registered in 0.000487 seconds.
Begin MonoManager ReloadAssembly
Native extension for WindowsStandalone target not found
Refreshing native plugins compatible for Editor in 0.25 ms, found 0 plugins.
Preloading 0 native plugins for Editor in 0.00 ms.
Invoked RoslynAnalysisRunner static constructor.
RoslynAnalysisRunner will not be running.
RoslynAnalysisRunner has terminated.
Mono: successfully reloaded assembly
- Completed reload, in  0.813 seconds
Platform modules already initialized, skipping
Switching build target platform(5) subTarget(0) extendedPlatform(0) -> platform(13) subTarget(537395200) extendedPlatform(0)
Refreshing native plugins compatible for Editor in 0.24 ms, found 0 plugins.
Preloading 0 native plugins for Editor in 0.00 ms.
Unloading 1076 Unused Serialized files (Serialized files now loaded: 0)
System memory in use before: 60.1 MB.
System memory in use after: 60.2 MB.

Unloading 4 unused Assets to reduce memory usage. Loaded Objects now: 1583.
Total: 1.665100 ms (FindLiveObjects: 0.162600 ms CreateObjectMapping: 0.064800 ms MarkObjects: 1.423200 ms  DeleteObjects: 0.013400 ms)

AssetImportParameters requested are different than current active one (requested -> active):
  custom:graphics/normal-map-encoding: 01000000000000000000000000000000 -> 02000000000000000000000000000000
========================================================================
Received Import Request.
  Time since last request: 26.444334 seconds.
  path: Assets/Scenes/Main Menu.unity
  artifactKey: Guid(1cf9d127abb2620428168c69001c6cfd) Importer(815301076,1909f56bfc062723c751e8b465ee728b)
Start importing Assets/Scenes/Main Menu.unity using Guid(1cf9d127abb2620428168c69001c6cfd) Importer(815301076,1909f56bfc062723c751e8b465ee728b)  -> (artifact id: '60a2a720d3d22676fe7766d0f843fcce') in 0.010705 seconds
  Import took 0.013081 seconds .

========================================================================
Received Prepare
Registering precompiled user dll's ...
Registered in 0.000437 seconds.
Begin MonoManager ReloadAssembly
Native extension for WindowsStandalone target not found
Refreshing native plugins compatible for Editor in 0.24 ms, found 0 plugins.
Preloading 0 native plugins for Editor in 0.00 ms.
Invoked RoslynAnalysisRunner static constructor.
RoslynAnalysisRunner will not be running.
RoslynAnalysisRunner has terminated.
Mono: successfully reloaded assembly
- Completed reload, in  0.812 seconds
Platform modules already initialized, skipping
Switching build target platform(5) subTarget(0) extendedPlatform(0) -> platform(13) subTarget(537395200) extendedPlatform(0)
Refreshing native plugins compatible for Editor in 0.22 ms, found 0 plugins.
Preloading 0 native plugins for Editor in 0.00 ms.
Unloading 1076 Unused Serialized files (Serialized files now loaded: 0)
System memory in use before: 60.1 MB.
System memory in use after: 60.2 MB.

Unloading 4 unused Assets to reduce memory usage. Loaded Objects now: 1585.
Total: 1.750400 ms (FindLiveObjects: 0.230100 ms CreateObjectMapping: 0.035300 ms MarkObjects: 1.454600 ms  DeleteObjects: 0.029200 ms)

AssetImportParameters requested are different than current active one (requested -> active):
  custom:graphics/normal-map-encoding: 01000000000000000000000000000000 -> 02000000000000000000000000000000
========================================================================
Received Import Request.
  Time since last request: 28.566206 seconds.
  path: Assets/Materials/VideoRenderTexture.mat
  artifactKey: Guid(6c462e524eead684d80ffa4e8de65a7a) Importer(815301076,1909f56bfc062723c751e8b465ee728b)
Start importing Assets/Materials/VideoRenderTexture.mat using Guid(6c462e524eead684d80ffa4e8de65a7a) Importer(815301076,1909f56bfc062723c751e8b465ee728b)  -> (artifact id: '711ec0dd6d11c95d54b46c1f93f3e232') in 0.228643 seconds
  Import took 0.230932 seconds .

========================================================================
Received Import Request.
  Time since last request: 212.454444 seconds.
  path: Assets/Scenes/Materials/YouTube Texture.mat
  artifactKey: Guid(04ce967ec3a3e1e47b10bdea2f61fba0) Importer(815301076,1909f56bfc062723c751e8b465ee728b)
Start importing Assets/Scenes/Materials/YouTube Texture.mat using Guid(04ce967ec3a3e1e47b10bdea2f61fba0) Importer(815301076,1909f56bfc062723c751e8b465ee728b)  -> (artifact id: '61a2d684d3b5a13e69252c09f2f0c36e') in 0.015158 seconds
  Import took 0.017456 seconds .

========================================================================
Received Import Request.
  Time since last request: 0.019215 seconds.
  path: Assets/Scenes/Materials/YouTube Texture.mat
  artifactKey: Guid(04ce967ec3a3e1e47b10bdea2f61fba0) Importer(815301076,1909f56bfc062723c751e8b465ee728b)
Start importing Assets/Scenes/Materials/YouTube Texture.mat using Guid(04ce967ec3a3e1e47b10bdea2f61fba0) Importer(815301076,1909f56bfc062723c751e8b465ee728b)  -> (artifact id: '61a2d684d3b5a13e69252c09f2f0c36e') in 0.009488 seconds
  Import took 0.012812 seconds .

========================================================================
Received Import Request.
  Time since last request: 1.499328 seconds.
  path: Assets/TextMesh Pro/Resources/Fonts & Materials/LiberationSans SDF.asset
  artifactKey: Guid(8f586378b4e144a9851e7b34d9b748ee) Importer(815301076,1909f56bfc062723c751e8b465ee728b)
Start importing Assets/TextMesh Pro/Resources/Fonts & Materials/LiberationSans SDF.asset using Guid(8f586378b4e144a9851e7b34d9b748ee) Importer(815301076,1909f56bfc062723c751e8b465ee728b)  -> (artifact id: 'e2c42d489a13a805fe6658b8bbed2121') in 0.139639 seconds
  Import took 0.142383 seconds .

========================================================================
Received Import Request.
  Time since last request: 612.446397 seconds.
  path: Assets/Images/NewBackground.png
  artifactKey: Guid(785eb469887738c49b27de76b46b86a9) Importer(815301076,1909f56bfc062723c751e8b465ee728b)
Start importing Assets/Images/NewBackground.png using Guid(785eb469887738c49b27de76b46b86a9) Importer(815301076,1909f56bfc062723c751e8b465ee728b)  -> (artifact id: 'c5cb961b2f1377a480f561c235b0a7f3') in 0.120324 seconds
  Import took 0.123251 seconds .

========================================================================
Received Prepare
Registering precompiled user dll's ...
Registered in 0.000606 seconds.
Begin MonoManager ReloadAssembly
Native extension for WindowsStandalone target not found
Refreshing native plugins compatible for Editor in 0.30 ms, found 0 plugins.
Preloading 0 native plugins for Editor in 0.00 ms.
Invoked RoslynAnalysisRunner static constructor.
RoslynAnalysisRunner will not be running.
RoslynAnalysisRunner has terminated.
Mono: successfully reloaded assembly
- Completed reload, in  0.941 seconds
Platform modules already initialized, skipping
Switching build target platform(5) subTarget(0) extendedPlatform(0) -> platform(13) subTarget(537395200) extendedPlatform(0)
Refreshing native plugins compatible for Editor in 0.23 ms, found 0 plugins.
Preloading 0 native plugins for Editor in 0.00 ms.
Unloading 1076 Unused Serialized files (Serialized files now loaded: 0)
System memory in use before: 60.6 MB.
System memory in use after: 60.7 MB.

Unloading 4 unused Assets to reduce memory usage. Loaded Objects now: 1592.
Total: 1.550900 ms (FindLiveObjects: 0.117800 ms CreateObjectMapping: 0.034900 ms MarkObjects: 1.367400 ms  DeleteObjects: 0.029700 ms)

AssetImportParameters requested are different than current active one (requested -> active):
  custom:graphics/normal-map-encoding: 01000000000000000000000000000000 -> 02000000000000000000000000000000
========================================================================
Received Prepare
Registering precompiled user dll's ...
Registered in 0.000494 seconds.
Begin MonoManager ReloadAssembly
Native extension for WindowsStandalone target not found
Refreshing native plugins compatible for Editor in 0.23 ms, found 0 plugins.
Preloading 0 native plugins for Editor in 0.00 ms.
Invoked RoslynAnalysisRunner static constructor.
RoslynAnalysisRunner will not be running.
RoslynAnalysisRunner has terminated.
Mono: successfully reloaded assembly
- Completed reload, in  0.767 seconds
Platform modules already initialized, skipping
Switching build target platform(5) subTarget(0) extendedPlatform(0) -> platform(13) subTarget(537395200) extendedPlatform(0)
Refreshing native plugins compatible for Editor in 0.21 ms, found 0 plugins.
Preloading 0 native plugins for Editor in 0.00 ms.
Unloading 1076 Unused Serialized files (Serialized files now loaded: 0)
System memory in use before: 60.7 MB.
System memory in use after: 60.7 MB.

Unloading 4 unused Assets to reduce memory usage. Loaded Objects now: 1594.
Total: 1.924300 ms (FindLiveObjects: 0.215200 ms CreateObjectMapping: 0.076600 ms MarkObjects: 1.608000 ms  DeleteObjects: 0.023500 ms)

AssetImportParameters requested are different than current active one (requested -> active):
  custom:graphics/normal-map-encoding: 01000000000000000000000000000000 -> 02000000000000000000000000000000
========================================================================
Received Prepare
Registering precompiled user dll's ...
Registered in 0.000507 seconds.
Begin MonoManager ReloadAssembly
Native extension for WindowsStandalone target not found
Refreshing native plugins compatible for Editor in 0.24 ms, found 0 plugins.
Preloading 0 native plugins for Editor in 0.00 ms.
Invoked RoslynAnalysisRunner static constructor.
RoslynAnalysisRunner will not be running.
RoslynAnalysisRunner has terminated.
Mono: successfully reloaded assembly
- Completed reload, in  0.814 seconds
Platform modules already initialized, skipping
Switching build target platform(5) subTarget(0) extendedPlatform(0) -> platform(13) subTarget(537395200) extendedPlatform(0)
Refreshing native plugins compatible for Editor in 0.23 ms, found 0 plugins.
Preloading 0 native plugins for Editor in 0.00 ms.
Unloading 1076 Unused Serialized files (Serialized files now loaded: 0)
System memory in use before: 60.7 MB.
System memory in use after: 60.8 MB.

Unloading 4 unused Assets to reduce memory usage. Loaded Objects now: 1596.
Total: 2.290300 ms (FindLiveObjects: 0.261600 ms CreateObjectMapping: 0.034300 ms MarkObjects: 1.968500 ms  DeleteObjects: 0.024700 ms)

AssetImportParameters requested are different than current active one (requested -> active):
  custom:graphics/normal-map-encoding: 01000000000000000000000000000000 -> 02000000000000000000000000000000
========================================================================
Received Prepare
Registering precompiled user dll's ...
Registered in 0.000620 seconds.
Begin MonoManager ReloadAssembly
Native extension for WindowsStandalone target not found
Refreshing native plugins compatible for Editor in 0.22 ms, found 0 plugins.
Preloading 0 native plugins for Editor in 0.00 ms.
Invoked RoslynAnalysisRunner static constructor.
RoslynAnalysisRunner will not be running.
RoslynAnalysisRunner has terminated.
Mono: successfully reloaded assembly
- Completed reload, in  0.819 seconds
Platform modules already initialized, skipping
Switching build target platform(5) subTarget(0) extendedPlatform(0) -> platform(13) subTarget(537395200) extendedPlatform(0)
Refreshing native plugins compatible for Editor in 0.24 ms, found 0 plugins.
Preloading 0 native plugins for Editor in 0.00 ms.
Unloading 1076 Unused Serialized files (Serialized files now loaded: 0)
System memory in use before: 60.7 MB.
System memory in use after: 60.8 MB.

Unloading 4 unused Assets to reduce memory usage. Loaded Objects now: 1598.
Total: 1.753300 ms (FindLiveObjects: 0.144400 ms CreateObjectMapping: 0.044800 ms MarkObjects: 1.531200 ms  DeleteObjects: 0.031600 ms)

AssetImportParameters requested are different than current active one (requested -> active):
  custom:graphics/normal-map-encoding: 01000000000000000000000000000000 -> 02000000000000000000000000000000
========================================================================
Received Prepare
Registering precompiled user dll's ...
Registered in 0.000550 seconds.
Begin MonoManager ReloadAssembly
Native extension for WindowsStandalone target not found
Refreshing native plugins compatible for Editor in 0.32 ms, found 0 plugins.
Preloading 0 native plugins for Editor in 0.00 ms.
Invoked RoslynAnalysisRunner static constructor.
RoslynAnalysisRunner will not be running.
RoslynAnalysisRunner has terminated.
Mono: successfully reloaded assembly
- Completed reload, in  0.819 seconds
Platform modules already initialized, skipping
Switching build target platform(5) subTarget(0) extendedPlatform(0) -> platform(13) subTarget(537395200) extendedPlatform(0)
Refreshing native plugins compatible for Editor in 0.22 ms, found 0 plugins.
Preloading 0 native plugins for Editor in 0.00 ms.
Unloading 1076 Unused Serialized files (Serialized files now loaded: 0)
System memory in use before: 60.7 MB.
System memory in use after: 60.8 MB.

Unloading 4 unused Assets to reduce memory usage. Loaded Objects now: 1600.
Total: 1.801500 ms (FindLiveObjects: 0.213600 ms CreateObjectMapping: 0.034500 ms MarkObjects: 1.520400 ms  DeleteObjects: 0.031000 ms)

AssetImportParameters requested are different than current active one (requested -> active):
  custom:graphics/normal-map-encoding: 01000000000000000000000000000000 -> 02000000000000000000000000000000
AssetImportWorkerClient::OnTransportError - code=2 error=End of file
