Using pre-set license
Built from '2020.2/staging' branch; Version is '2020.2.5f1 (e2c53f129de5) revision 14861631'; Using compiler version '192528614'; Build Type 'Release'
OS: 'Windows 10 Pro; OS build 19042.867; Version 2009; 64bit' Language: 'en' Physical Memory: 32592 MB
BatchMode: 1, IsHumanControllingUs: 0, StartBugReporterOnCrash: 0, Is64bit: 1, IsPro: 0

 COMMAND LINE ARGUMENTS:
C:\Program Files\Unity\Hub\Editor\2020.2.5f1\Editor\Unity.exe
-adb2
-batchMode
-noUpm
-name
AssetImportWorker1
-projectPath
F:/Unity Projects/Blitz_Champz/Blitz Champz
-logFile
Logs/AssetImportWorker1.log
-srvPort
51467
Successfully changed project path to: F:/Unity Projects/Blitz_Champz/Blitz Champz
F:/Unity Projects/Blitz_Champz/Blitz Champz
Using Asset Import Pipeline V2.
Refreshing native plugins compatible for Editor in 30.28 ms, found 2 plugins.
Preloading 0 native plugins for Editor in 0.00 ms.
Initialize engine version: 2020.2.5f1 (e2c53f129de5)
[Subsystems] Discovering subsystems at path C:/Program Files/Unity/Hub/Editor/2020.2.5f1/Editor/Data/Resources/UnitySubsystems
[Subsystems] Discovering subsystems at path F:/Unity Projects/Blitz_Champz/Blitz Champz/Assets
GfxDevice: creating device client; threaded=0
Direct3D:
    Version:  Direct3D 11.0 [level 11.1]
    Renderer: NVIDIA GeForce RTX 2070 SUPER (ID=0x1e84)
    Vendor:   
    VRAM:     8011 MB
    Driver:   27.21.14.6089
Initialize mono
Mono path[0] = 'C:/Program Files/Unity/Hub/Editor/2020.2.5f1/Editor/Data/Managed'
Mono path[1] = 'C:/Program Files/Unity/Hub/Editor/2020.2.5f1/Editor/Data/MonoBleedingEdge/lib/mono/unityjit'
Mono config path = 'C:/Program Files/Unity/Hub/Editor/2020.2.5f1/Editor/Data/MonoBleedingEdge/etc'
Using monoOptions --debugger-agent=transport=dt_socket,embedding=1,server=y,suspend=n,address=127.0.0.1:56080
Begin MonoManager ReloadAssembly
Registering precompiled unity dll's ...
Register platform support module: C:/Program Files/Unity/Hub/Editor/2020.2.5f1/Editor/Data/PlaybackEngines/WindowsStandaloneSupport/UnityEditor.WindowsStandalone.Extensions.dll
Registered in 0.002639 seconds.
Native extension for WindowsStandalone target not found
Refreshing native plugins compatible for Editor in 25.79 ms, found 2 plugins.
Preloading 0 native plugins for Editor in 0.00 ms.
Invoked RoslynAnalysisRunner static constructor.
RoslynAnalysisRunner will not be running.
RoslynAnalysisRunner has terminated.
Mono: successfully reloaded assembly
- Completed reload, in  2.571 seconds
Platform modules already initialized, skipping
Registering precompiled user dll's ...
Registered in 0.005280 seconds.
Begin MonoManager ReloadAssembly
Native extension for WindowsStandalone target not found
Refreshing native plugins compatible for Editor in 0.60 ms, found 2 plugins.
Preloading 0 native plugins for Editor in 0.00 ms.
Invoked RoslynAnalysisRunner static constructor.
RoslynAnalysisRunner will not be running.
RoslynAnalysisRunner has terminated.
Mono: successfully reloaded assembly
- Completed reload, in  1.035 seconds
Platform modules already initialized, skipping
========================================================================
Worker process is ready to serve import requests
Launched and connected shader compiler UnityShaderCompiler.exe after 0.16 seconds
Refreshing native plugins compatible for Editor in 0.40 ms, found 2 plugins.
Preloading 0 native plugins for Editor in 0.00 ms.
Unloading 1231 Unused Serialized files (Serialized files now loaded: 0)
System memory in use before: 63.2 MB.
System memory in use after: 63.3 MB.

Unloading 32 unused Assets to reduce memory usage. Loaded Objects now: 1696.
Total: 2.092700 ms (FindLiveObjects: 0.207700 ms CreateObjectMapping: 0.144600 ms MarkObjects: 1.641800 ms  DeleteObjects: 0.097400 ms)

========================================================================
Received Import Request.
  path: Assets/Videos
  artifactKey: Guid(0fd525427f5ca6240a03793b5515c2d2) Importer(815301076,1909f56bfc062723c751e8b465ee728b)
Start importing Assets/Videos using Guid(0fd525427f5ca6240a03793b5515c2d2) Importer(815301076,1909f56bfc062723c751e8b465ee728b)  -> (artifact id: 'ed518470e6241602b3e08fc68ade3d20') in 0.013064 seconds
  Import took 0.016155 seconds .

========================================================================
Received Import Request.
  Time since last request: 7.770838 seconds.
  path: Assets/Videos/How To Play Blitz Champz.mp4
  artifactKey: Guid(8c8157cfb49f3b446889e491c57d0eb2) Importer(815301076,1909f56bfc062723c751e8b465ee728b)
Start importing Assets/Videos/How To Play Blitz Champz.mp4 using Guid(8c8157cfb49f3b446889e491c57d0eb2) Importer(815301076,1909f56bfc062723c751e8b465ee728b)  -> (artifact id: '468abe8688716300f61a6d766d49f833') in 0.037807 seconds
  Import took 0.040889 seconds .

========================================================================
Received Prepare
Registering precompiled user dll's ...
Registered in 0.004176 seconds.
Begin MonoManager ReloadAssembly
Native extension for WindowsStandalone target not found
Refreshing native plugins compatible for Editor in 0.45 ms, found 2 plugins.
Preloading 0 native plugins for Editor in 0.00 ms.
Invoked RoslynAnalysisRunner static constructor.
RoslynAnalysisRunner will not be running.
RoslynAnalysisRunner has terminated.
Mono: successfully reloaded assembly
- Completed reload, in  0.965 seconds
Platform modules already initialized, skipping
Switching build target platform(5) subTarget(0) extendedPlatform(0) -> platform(13) subTarget(537395200) extendedPlatform(0)
Refreshing native plugins compatible for Editor in 0.38 ms, found 2 plugins.
Preloading 0 native plugins for Editor in 0.00 ms.
Unloading 1216 Unused Serialized files (Serialized files now loaded: 0)
System memory in use before: 61.9 MB.
System memory in use after: 62.0 MB.

Unloading 27 unused Assets to reduce memory usage. Loaded Objects now: 1698.
Total: 1.732100 ms (FindLiveObjects: 0.133700 ms CreateObjectMapping: 0.038400 ms MarkObjects: 1.515000 ms  DeleteObjects: 0.043900 ms)

AssetImportParameters requested are different than current active one (requested -> active):
  custom:graphics/normal-map-encoding: 01000000000000000000000000000000 -> 02000000000000000000000000000000
========================================================================
Received Prepare
Refreshing native plugins compatible for Editor in 4.47 ms, found 2 plugins.
Preloading 0 native plugins for Editor in 0.00 ms.
Unloading 25 Unused Serialized files (Serialized files now loaded: 0)
System memory in use before: 38.7 MB.
System memory in use after: 38.8 MB.

Unloading 24 unused Assets to reduce memory usage. Loaded Objects now: 1698.
Total: 6.674100 ms (FindLiveObjects: 0.381900 ms CreateObjectMapping: 0.145600 ms MarkObjects: 6.114900 ms  DeleteObjects: 0.028900 ms)

========================================================================
Received Prepare
Registering precompiled user dll's ...
Registered in 0.004824 seconds.
Begin MonoManager ReloadAssembly
Native extension for WindowsStandalone target not found
Refreshing native plugins compatible for Editor in 0.42 ms, found 2 plugins.
Preloading 0 native plugins for Editor in 0.00 ms.
Invoked RoslynAnalysisRunner static constructor.
RoslynAnalysisRunner will not be running.
RoslynAnalysisRunner has terminated.
Mono: successfully reloaded assembly
- Completed reload, in  0.932 seconds
Platform modules already initialized, skipping
Switching build target platform(5) subTarget(0) extendedPlatform(0) -> platform(13) subTarget(537395200) extendedPlatform(0)
Refreshing native plugins compatible for Editor in 0.42 ms, found 2 plugins.
Preloading 0 native plugins for Editor in 0.00 ms.
Unloading 1216 Unused Serialized files (Serialized files now loaded: 0)
System memory in use before: 61.9 MB.
System memory in use after: 62.0 MB.

Unloading 27 unused Assets to reduce memory usage. Loaded Objects now: 1700.
Total: 1.640900 ms (FindLiveObjects: 0.134900 ms CreateObjectMapping: 0.039900 ms MarkObjects: 1.413400 ms  DeleteObjects: 0.052000 ms)

AssetImportParameters requested are different than current active one (requested -> active):
  custom:graphics/normal-map-encoding: 01000000000000000000000000000000 -> 02000000000000000000000000000000
========================================================================
Received Prepare
Registering precompiled user dll's ...
Registered in 0.005556 seconds.
Begin MonoManager ReloadAssembly
Native extension for WindowsStandalone target not found
Refreshing native plugins compatible for Editor in 0.40 ms, found 2 plugins.
Preloading 0 native plugins for Editor in 0.00 ms.
Invoked RoslynAnalysisRunner static constructor.
RoslynAnalysisRunner will not be running.
RoslynAnalysisRunner has terminated.
Mono: successfully reloaded assembly
- Completed reload, in  0.993 seconds
Platform modules already initialized, skipping
Switching build target platform(5) subTarget(0) extendedPlatform(0) -> platform(13) subTarget(537395200) extendedPlatform(0)
Refreshing native plugins compatible for Editor in 0.47 ms, found 2 plugins.
Preloading 0 native plugins for Editor in 0.00 ms.
Unloading 1216 Unused Serialized files (Serialized files now loaded: 0)
System memory in use before: 62.0 MB.
System memory in use after: 62.1 MB.

Unloading 27 unused Assets to reduce memory usage. Loaded Objects now: 1702.
Total: 2.435600 ms (FindLiveObjects: 0.236000 ms CreateObjectMapping: 0.061700 ms MarkObjects: 2.092500 ms  DeleteObjects: 0.043900 ms)

AssetImportParameters requested are different than current active one (requested -> active):
  custom:graphics/normal-map-encoding: 01000000000000000000000000000000 -> 02000000000000000000000000000000
========================================================================
Received Prepare
Registering precompiled user dll's ...
Registered in 0.005449 seconds.
Begin MonoManager ReloadAssembly
Native extension for WindowsStandalone target not found
Refreshing native plugins compatible for Editor in 0.62 ms, found 2 plugins.
Preloading 0 native plugins for Editor in 0.00 ms.
Invoked RoslynAnalysisRunner static constructor.
RoslynAnalysisRunner will not be running.
RoslynAnalysisRunner has terminated.
Mono: successfully reloaded assembly
- Completed reload, in  0.975 seconds
Platform modules already initialized, skipping
Switching build target platform(5) subTarget(0) extendedPlatform(0) -> platform(13) subTarget(537395200) extendedPlatform(0)
Refreshing native plugins compatible for Editor in 0.40 ms, found 2 plugins.
Preloading 0 native plugins for Editor in 0.00 ms.
Unloading 1216 Unused Serialized files (Serialized files now loaded: 0)
System memory in use before: 62.0 MB.
System memory in use after: 62.1 MB.

Unloading 27 unused Assets to reduce memory usage. Loaded Objects now: 1704.
Total: 2.070200 ms (FindLiveObjects: 0.224900 ms CreateObjectMapping: 0.052100 ms MarkObjects: 1.767200 ms  DeleteObjects: 0.024600 ms)

AssetImportParameters requested are different than current active one (requested -> active):
  custom:graphics/normal-map-encoding: 01000000000000000000000000000000 -> 02000000000000000000000000000000
========================================================================
Received Prepare
Registering precompiled user dll's ...
Registered in 0.004793 seconds.
Begin MonoManager ReloadAssembly
Native extension for WindowsStandalone target not found
Refreshing native plugins compatible for Editor in 0.62 ms, found 2 plugins.
Preloading 0 native plugins for Editor in 0.00 ms.
Invoked RoslynAnalysisRunner static constructor.
RoslynAnalysisRunner will not be running.
RoslynAnalysisRunner has terminated.
Mono: successfully reloaded assembly
- Completed reload, in  1.007 seconds
Platform modules already initialized, skipping
Switching build target platform(5) subTarget(0) extendedPlatform(0) -> platform(13) subTarget(537395200) extendedPlatform(0)
Refreshing native plugins compatible for Editor in 0.60 ms, found 2 plugins.
Preloading 0 native plugins for Editor in 0.00 ms.
Unloading 1216 Unused Serialized files (Serialized files now loaded: 0)
System memory in use before: 62.0 MB.
System memory in use after: 62.1 MB.

Unloading 27 unused Assets to reduce memory usage. Loaded Objects now: 1706.
Total: 1.859500 ms (FindLiveObjects: 0.173100 ms CreateObjectMapping: 0.040300 ms MarkObjects: 1.599000 ms  DeleteObjects: 0.046100 ms)

AssetImportParameters requested are different than current active one (requested -> active):
  custom:graphics/normal-map-encoding: 01000000000000000000000000000000 -> 02000000000000000000000000000000
========================================================================
Received Prepare
Registering precompiled user dll's ...
Registered in 0.005357 seconds.
Begin MonoManager ReloadAssembly
Native extension for WindowsStandalone target not found
Refreshing native plugins compatible for Editor in 0.42 ms, found 2 plugins.
Preloading 0 native plugins for Editor in 0.00 ms.
Invoked RoslynAnalysisRunner static constructor.
RoslynAnalysisRunner will not be running.
RoslynAnalysisRunner has terminated.
Mono: successfully reloaded assembly
- Completed reload, in  1.003 seconds
Platform modules already initialized, skipping
Switching build target platform(5) subTarget(0) extendedPlatform(0) -> platform(13) subTarget(537395200) extendedPlatform(0)
Refreshing native plugins compatible for Editor in 0.40 ms, found 2 plugins.
Preloading 0 native plugins for Editor in 0.00 ms.
Unloading 1216 Unused Serialized files (Serialized files now loaded: 0)
System memory in use before: 62.0 MB.
System memory in use after: 62.1 MB.

Unloading 27 unused Assets to reduce memory usage. Loaded Objects now: 1708.
Total: 2.126000 ms (FindLiveObjects: 0.138000 ms CreateObjectMapping: 0.040000 ms MarkObjects: 1.926100 ms  DeleteObjects: 0.021200 ms)

AssetImportParameters requested are different than current active one (requested -> active):
  custom:graphics/normal-map-encoding: 01000000000000000000000000000000 -> 02000000000000000000000000000000
========================================================================
Received Prepare
Registering precompiled user dll's ...
Registered in 0.004753 seconds.
Begin MonoManager ReloadAssembly
Native extension for WindowsStandalone target not found
Refreshing native plugins compatible for Editor in 0.40 ms, found 2 plugins.
Preloading 0 native plugins for Editor in 0.00 ms.
Invoked RoslynAnalysisRunner static constructor.
RoslynAnalysisRunner will not be running.
RoslynAnalysisRunner has terminated.
Mono: successfully reloaded assembly
- Completed reload, in  1.108 seconds
Platform modules already initialized, skipping
Switching build target platform(5) subTarget(0) extendedPlatform(0) -> platform(13) subTarget(537395200) extendedPlatform(0)
Refreshing native plugins compatible for Editor in 0.41 ms, found 2 plugins.
Preloading 0 native plugins for Editor in 0.00 ms.
Unloading 1216 Unused Serialized files (Serialized files now loaded: 0)
System memory in use before: 62.0 MB.
System memory in use after: 62.1 MB.

Unloading 27 unused Assets to reduce memory usage. Loaded Objects now: 1710.
Total: 2.215800 ms (FindLiveObjects: 0.236000 ms CreateObjectMapping: 0.092500 ms MarkObjects: 1.853700 ms  DeleteObjects: 0.032500 ms)

AssetImportParameters requested are different than current active one (requested -> active):
  custom:graphics/normal-map-encoding: 01000000000000000000000000000000 -> 02000000000000000000000000000000
========================================================================
Received Prepare
Registering precompiled user dll's ...
Registered in 0.004634 seconds.
Begin MonoManager ReloadAssembly
Native extension for WindowsStandalone target not found
Refreshing native plugins compatible for Editor in 0.41 ms, found 2 plugins.
Preloading 0 native plugins for Editor in 0.00 ms.
Invoked RoslynAnalysisRunner static constructor.
RoslynAnalysisRunner will not be running.
RoslynAnalysisRunner has terminated.
Mono: successfully reloaded assembly
- Completed reload, in  0.959 seconds
Platform modules already initialized, skipping
Switching build target platform(5) subTarget(0) extendedPlatform(0) -> platform(13) subTarget(537395200) extendedPlatform(0)
Refreshing native plugins compatible for Editor in 0.39 ms, found 2 plugins.
Preloading 0 native plugins for Editor in 0.00 ms.
Unloading 1216 Unused Serialized files (Serialized files now loaded: 0)
System memory in use before: 62.0 MB.
System memory in use after: 62.1 MB.

Unloading 27 unused Assets to reduce memory usage. Loaded Objects now: 1712.
Total: 2.087200 ms (FindLiveObjects: 0.191200 ms CreateObjectMapping: 0.046100 ms MarkObjects: 1.808000 ms  DeleteObjects: 0.040900 ms)

AssetImportParameters requested are different than current active one (requested -> active):
  custom:graphics/normal-map-encoding: 01000000000000000000000000000000 -> 02000000000000000000000000000000
========================================================================
Received Prepare
Registering precompiled user dll's ...
Registered in 0.004601 seconds.
Begin MonoManager ReloadAssembly
Native extension for WindowsStandalone target not found
Refreshing native plugins compatible for Editor in 0.40 ms, found 2 plugins.
Preloading 0 native plugins for Editor in 0.00 ms.
Invoked RoslynAnalysisRunner static constructor.
RoslynAnalysisRunner will not be running.
RoslynAnalysisRunner has terminated.
Mono: successfully reloaded assembly
- Completed reload, in  1.062 seconds
Platform modules already initialized, skipping
Switching build target platform(5) subTarget(0) extendedPlatform(0) -> platform(13) subTarget(537395200) extendedPlatform(0)
Refreshing native plugins compatible for Editor in 0.39 ms, found 2 plugins.
Preloading 0 native plugins for Editor in 0.00 ms.
Unloading 1216 Unused Serialized files (Serialized files now loaded: 0)
System memory in use before: 62.0 MB.
System memory in use after: 62.1 MB.

Unloading 27 unused Assets to reduce memory usage. Loaded Objects now: 1714.
Total: 1.941900 ms (FindLiveObjects: 0.143500 ms CreateObjectMapping: 0.040100 ms MarkObjects: 1.711200 ms  DeleteObjects: 0.046200 ms)

AssetImportParameters requested are different than current active one (requested -> active):
  custom:graphics/normal-map-encoding: 01000000000000000000000000000000 -> 02000000000000000000000000000000
========================================================================
Received Prepare
Registering precompiled user dll's ...
Registered in 0.005039 seconds.
Begin MonoManager ReloadAssembly
Native extension for WindowsStandalone target not found
Refreshing native plugins compatible for Editor in 0.66 ms, found 2 plugins.
Preloading 0 native plugins for Editor in 0.00 ms.
Invoked RoslynAnalysisRunner static constructor.
RoslynAnalysisRunner will not be running.
RoslynAnalysisRunner has terminated.
Mono: successfully reloaded assembly
- Completed reload, in  1.028 seconds
Platform modules already initialized, skipping
Switching build target platform(5) subTarget(0) extendedPlatform(0) -> platform(13) subTarget(537395200) extendedPlatform(0)
Refreshing native plugins compatible for Editor in 0.51 ms, found 2 plugins.
Preloading 0 native plugins for Editor in 0.00 ms.
Unloading 1216 Unused Serialized files (Serialized files now loaded: 0)
System memory in use before: 62.0 MB.
System memory in use after: 62.1 MB.

Unloading 27 unused Assets to reduce memory usage. Loaded Objects now: 1716.
Total: 2.293700 ms (FindLiveObjects: 0.257800 ms CreateObjectMapping: 0.072700 ms MarkObjects: 1.898000 ms  DeleteObjects: 0.063800 ms)

AssetImportParameters requested are different than current active one (requested -> active):
  custom:graphics/normal-map-encoding: 01000000000000000000000000000000 -> 02000000000000000000000000000000
========================================================================
Received Prepare
Registering precompiled user dll's ...
Registered in 0.005633 seconds.
Begin MonoManager ReloadAssembly
Native extension for WindowsStandalone target not found
Refreshing native plugins compatible for Editor in 0.63 ms, found 2 plugins.
Preloading 0 native plugins for Editor in 0.00 ms.
Invoked RoslynAnalysisRunner static constructor.
RoslynAnalysisRunner will not be running.
RoslynAnalysisRunner has terminated.
Mono: successfully reloaded assembly
- Completed reload, in  1.088 seconds
Platform modules already initialized, skipping
Switching build target platform(5) subTarget(0) extendedPlatform(0) -> platform(13) subTarget(537395200) extendedPlatform(0)
Refreshing native plugins compatible for Editor in 0.46 ms, found 2 plugins.
Preloading 0 native plugins for Editor in 0.00 ms.
Unloading 1216 Unused Serialized files (Serialized files now loaded: 0)
System memory in use before: 62.0 MB.
System memory in use after: 62.1 MB.

Unloading 27 unused Assets to reduce memory usage. Loaded Objects now: 1718.
Total: 1.679400 ms (FindLiveObjects: 0.142800 ms CreateObjectMapping: 0.040300 ms MarkObjects: 1.468000 ms  DeleteObjects: 0.027500 ms)

AssetImportParameters requested are different than current active one (requested -> active):
  custom:graphics/normal-map-encoding: 01000000000000000000000000000000 -> 02000000000000000000000000000000
========================================================================
Received Prepare
Registering precompiled user dll's ...
Registered in 0.004496 seconds.
Begin MonoManager ReloadAssembly
Native extension for WindowsStandalone target not found
Refreshing native plugins compatible for Editor in 0.45 ms, found 2 plugins.
Preloading 0 native plugins for Editor in 0.00 ms.
Invoked RoslynAnalysisRunner static constructor.
RoslynAnalysisRunner will not be running.
RoslynAnalysisRunner has terminated.
Mono: successfully reloaded assembly
- Completed reload, in  1.019 seconds
Platform modules already initialized, skipping
Switching build target platform(5) subTarget(0) extendedPlatform(0) -> platform(13) subTarget(537395200) extendedPlatform(0)
Refreshing native plugins compatible for Editor in 0.39 ms, found 2 plugins.
Preloading 0 native plugins for Editor in 0.00 ms.
Unloading 1216 Unused Serialized files (Serialized files now loaded: 0)
System memory in use before: 62.0 MB.
System memory in use after: 62.1 MB.

Unloading 27 unused Assets to reduce memory usage. Loaded Objects now: 1720.
Total: 2.323800 ms (FindLiveObjects: 0.171800 ms CreateObjectMapping: 0.042000 ms MarkObjects: 2.062700 ms  DeleteObjects: 0.045700 ms)

AssetImportParameters requested are different than current active one (requested -> active):
  custom:graphics/normal-map-encoding: 01000000000000000000000000000000 -> 02000000000000000000000000000000
========================================================================
Received Prepare
Refreshing native plugins compatible for Editor in 3.95 ms, found 2 plugins.
Preloading 0 native plugins for Editor in 0.00 ms.
Unloading 25 Unused Serialized files (Serialized files now loaded: 0)
System memory in use before: 38.8 MB.
System memory in use after: 38.9 MB.

Unloading 24 unused Assets to reduce memory usage. Loaded Objects now: 1720.
Total: 2.455900 ms (FindLiveObjects: 0.200100 ms CreateObjectMapping: 0.096500 ms MarkObjects: 2.139300 ms  DeleteObjects: 0.018400 ms)

AssetImportWorkerClient::OnTransportError - code=2 error=End of file
